

Microchip MPLAB XC8 Assembler V2.45 build 20230818022343 
                                                                                               Tue Jun 24 13:20:31 2025

Microchip MPLAB XC8 C Compiler v2.45 (Free license) build 20230818022343 Og1 
     1                           	processor	16F1936
     2                           	pagewidth 120
     3                           	opt	flic
     4                           	psect	idataBANK0,global,class=CODE,delta=2,noexec
     5                           	psect	idataBANK1,global,class=CODE,delta=2,noexec
     6                           	psect	cinit,global,class=CODE,merge=1,delta=2
     7                           	psect	bssBANK0,global,class=BANK0,space=1,delta=1,noexec
     8                           	psect	dataBANK0,global,class=BANK0,space=1,delta=1,noexec
     9                           	psect	dataBANK1,global,class=BANK1,space=1,delta=1,noexec
    10                           	psect	inittext,global,class=CODE,delta=2
    11                           	psect	clrtext,global,class=CODE,delta=2
    12                           	psect	cstackCOMMON,global,class=COMMON,space=1,delta=1,noexec
    13                           	psect	maintext,global,class=CODE,merge=1,split=1,delta=2
    14                           	psect	text1,local,class=CODE,merge=1,delta=2
    15                           	psect	text2,local,class=CODE,merge=1,delta=2
    16                           	psect	text3,local,class=CODE,merge=1,delta=2
    17                           	psect	text4,local,class=CODE,merge=1,delta=2
    18                           	psect	config,global,abs,ovrld,class=CONFIG,space=4,delta=2,noexec
    19                           	dabs	1,0x7E,2
    20     0000                     
    21                           ; Version 2.20
    22                           ; Generated 12/02/2020 GMT
    23                           ; 
    24                           ; Copyright © 2020, Microchip Technology Inc. and its subsidiaries ("Microchip")
    25                           ; All rights reserved.
    26                           ; 
    27                           ; This software is developed by Microchip Technology Inc. and its subsidiaries ("Microch
      +                          ip").
    28                           ; 
    29                           ; Redistribution and use in source and binary forms, with or without modification, are
    30                           ; permitted provided that the following conditions are met:
    31                           ; 
    32                           ;     1. Redistributions of source code must retain the above copyright notice, this lis
      +                          t of
    33                           ;        conditions and the following disclaimer.
    34                           ; 
    35                           ;     2. Redistributions in binary form must reproduce the above copyright notice, this 
      +                          list
    36                           ;        of conditions and the following disclaimer in the documentation and/or other
    37                           ;        materials provided with the distribution.
    38                           ; 
    39                           ;     3. Microchip's name may not be used to endorse or promote products derived from th
      +                          is
    40                           ;        software without specific prior written permission.
    41                           ; 
    42                           ; THIS SOFTWARE IS PROVIDED BY MICROCHIP "AS IS" AND ANY EXPRESS OR IMPLIED WARRANTIES,
    43                           ; INCLUDING, BUT NOT LIMITED TO, THE IMPLIED WARRANTIES OF MERCHANTABILITY AND FITNESS F
      +                          OR
    44                           ; PURPOSE ARE DISCLAIMED.  IN NO EVENT SHALL MICROCHIP BE LIABLE FOR ANY DIRECT, INDIREC
      +                          T,
    45                           ; INCIDENTAL, SPECIAL, EXEMPLARY, OR CONSEQUENTIAL DAMAGES (INCLUDING BUT NOT LIMITED TO
    46                           ; PROCUREMENT OF SUBSTITUTE GOODS OR SERVICES; LOSS OF USE, DATA OR PROFITS; OR BUSINESS
    47                           ; INTERRUPTION) HOWSOEVER CAUSED AND ON ANY THEORY OF LIABILITY, WHETHER IN CONTRACT, ST
      +                          RICT
    48                           ; LIABILITY, OR TORT (INCLUDING NEGLIGENCE OR OTHERWISE) ARISING IN ANY WAY OUT OF THE U
      +                          SE OF
    49                           ; THIS SOFTWARE, EVEN IF ADVISED OF THE POSSIBILITY OF SUCH DAMAGE.
    50                           ; 
    51                           ; 
    52                           ; Code-generator required, PIC16F1936 Definitions
    53                           ; 
    54                           ; SFR Addresses
    55     0000                     	;# 
    56     0001                     	;# 
    57     0002                     	;# 
    58     0003                     	;# 
    59     0004                     	;# 
    60     0005                     	;# 
    61     0006                     	;# 
    62     0007                     	;# 
    63     0008                     	;# 
    64     0009                     	;# 
    65     000A                     	;# 
    66     000B                     	;# 
    67     000C                     	;# 
    68     000D                     	;# 
    69     000E                     	;# 
    70     0010                     	;# 
    71     0011                     	;# 
    72     0012                     	;# 
    73     0013                     	;# 
    74     0015                     	;# 
    75     0016                     	;# 
    76     0016                     	;# 
    77     0017                     	;# 
    78     0018                     	;# 
    79     0019                     	;# 
    80     001A                     	;# 
    81     001B                     	;# 
    82     001C                     	;# 
    83     001E                     	;# 
    84     001F                     	;# 
    85     008C                     	;# 
    86     008D                     	;# 
    87     008E                     	;# 
    88     0090                     	;# 
    89     0091                     	;# 
    90     0092                     	;# 
    91     0093                     	;# 
    92     0095                     	;# 
    93     0096                     	;# 
    94     0097                     	;# 
    95     0098                     	;# 
    96     0099                     	;# 
    97     009A                     	;# 
    98     009B                     	;# 
    99     009B                     	;# 
   100     009C                     	;# 
   101     009D                     	;# 
   102     009E                     	;# 
   103     010C                     	;# 
   104     010D                     	;# 
   105     010E                     	;# 
   106     0110                     	;# 
   107     0111                     	;# 
   108     0112                     	;# 
   109     0113                     	;# 
   110     0114                     	;# 
   111     0115                     	;# 
   112     0116                     	;# 
   113     0117                     	;# 
   114     0118                     	;# 
   115     0119                     	;# 
   116     011A                     	;# 
   117     011B                     	;# 
   118     011D                     	;# 
   119     018C                     	;# 
   120     018D                     	;# 
   121     0191                     	;# 
   122     0191                     	;# 
   123     0192                     	;# 
   124     0193                     	;# 
   125     0193                     	;# 
   126     0193                     	;# 
   127     0194                     	;# 
   128     0195                     	;# 
   129     0196                     	;# 
   130     0199                     	;# 
   131     019A                     	;# 
   132     019B                     	;# 
   133     019B                     	;# 
   134     019B                     	;# 
   135     019B                     	;# 
   136     019C                     	;# 
   137     019C                     	;# 
   138     019D                     	;# 
   139     019E                     	;# 
   140     019F                     	;# 
   141     020D                     	;# 
   142     0210                     	;# 
   143     0211                     	;# 
   144     0212                     	;# 
   145     0213                     	;# 
   146     0214                     	;# 
   147     0215                     	;# 
   148     0215                     	;# 
   149     0216                     	;# 
   150     0217                     	;# 
   151     0291                     	;# 
   152     0291                     	;# 
   153     0292                     	;# 
   154     0293                     	;# 
   155     0294                     	;# 
   156     0295                     	;# 
   157     0295                     	;# 
   158     0296                     	;# 
   159     0298                     	;# 
   160     0298                     	;# 
   161     0299                     	;# 
   162     029A                     	;# 
   163     029B                     	;# 
   164     029C                     	;# 
   165     029C                     	;# 
   166     029D                     	;# 
   167     029E                     	;# 
   168     029F                     	;# 
   169     0311                     	;# 
   170     0311                     	;# 
   171     0312                     	;# 
   172     0313                     	;# 
   173     0314                     	;# 
   174     0315                     	;# 
   175     0315                     	;# 
   176     0316                     	;# 
   177     0318                     	;# 
   178     0318                     	;# 
   179     0319                     	;# 
   180     031A                     	;# 
   181     031C                     	;# 
   182     031C                     	;# 
   183     031D                     	;# 
   184     031E                     	;# 
   185     0394                     	;# 
   186     0395                     	;# 
   187     0396                     	;# 
   188     0415                     	;# 
   189     0416                     	;# 
   190     0417                     	;# 
   191     041C                     	;# 
   192     041D                     	;# 
   193     041E                     	;# 
   194     0791                     	;# 
   195     0792                     	;# 
   196     0793                     	;# 
   197     0794                     	;# 
   198     0795                     	;# 
   199     0798                     	;# 
   200     0799                     	;# 
   201     07A0                     	;# 
   202     07A1                     	;# 
   203     07A3                     	;# 
   204     07A4                     	;# 
   205     07A6                     	;# 
   206     07A7                     	;# 
   207     07A9                     	;# 
   208     07AA                     	;# 
   209     0FE4                     	;# 
   210     0FE5                     	;# 
   211     0FE6                     	;# 
   212     0FE7                     	;# 
   213     0FE8                     	;# 
   214     0FE9                     	;# 
   215     0FEA                     	;# 
   216     0FEB                     	;# 
   217     0FED                     	;# 
   218     0FEE                     	;# 
   219     0FEF                     	;# 
   220     0000                     	;# 
   221     0001                     	;# 
   222     0002                     	;# 
   223     0003                     	;# 
   224     0004                     	;# 
   225     0005                     	;# 
   226     0006                     	;# 
   227     0007                     	;# 
   228     0008                     	;# 
   229     0009                     	;# 
   230     000A                     	;# 
   231     000B                     	;# 
   232     000C                     	;# 
   233     000D                     	;# 
   234     000E                     	;# 
   235     0010                     	;# 
   236     0011                     	;# 
   237     0012                     	;# 
   238     0013                     	;# 
   239     0015                     	;# 
   240     0016                     	;# 
   241     0016                     	;# 
   242     0017                     	;# 
   243     0018                     	;# 
   244     0019                     	;# 
   245     001A                     	;# 
   246     001B                     	;# 
   247     001C                     	;# 
   248     001E                     	;# 
   249     001F                     	;# 
   250     008C                     	;# 
   251     008D                     	;# 
   252     008E                     	;# 
   253     0090                     	;# 
   254     0091                     	;# 
   255     0092                     	;# 
   256     0093                     	;# 
   257     0095                     	;# 
   258     0096                     	;# 
   259     0097                     	;# 
   260     0098                     	;# 
   261     0099                     	;# 
   262     009A                     	;# 
   263     009B                     	;# 
   264     009B                     	;# 
   265     009C                     	;# 
   266     009D                     	;# 
   267     009E                     	;# 
   268     010C                     	;# 
   269     010D                     	;# 
   270     010E                     	;# 
   271     0110                     	;# 
   272     0111                     	;# 
   273     0112                     	;# 
   274     0113                     	;# 
   275     0114                     	;# 
   276     0115                     	;# 
   277     0116                     	;# 
   278     0117                     	;# 
   279     0118                     	;# 
   280     0119                     	;# 
   281     011A                     	;# 
   282     011B                     	;# 
   283     011D                     	;# 
   284     018C                     	;# 
   285     018D                     	;# 
   286     0191                     	;# 
   287     0191                     	;# 
   288     0192                     	;# 
   289     0193                     	;# 
   290     0193                     	;# 
   291     0193                     	;# 
   292     0194                     	;# 
   293     0195                     	;# 
   294     0196                     	;# 
   295     0199                     	;# 
   296     019A                     	;# 
   297     019B                     	;# 
   298     019B                     	;# 
   299     019B                     	;# 
   300     019B                     	;# 
   301     019C                     	;# 
   302     019C                     	;# 
   303     019D                     	;# 
   304     019E                     	;# 
   305     019F                     	;# 
   306     020D                     	;# 
   307     0210                     	;# 
   308     0211                     	;# 
   309     0212                     	;# 
   310     0213                     	;# 
   311     0214                     	;# 
   312     0215                     	;# 
   313     0215                     	;# 
   314     0216                     	;# 
   315     0217                     	;# 
   316     0291                     	;# 
   317     0291                     	;# 
   318     0292                     	;# 
   319     0293                     	;# 
   320     0294                     	;# 
   321     0295                     	;# 
   322     0295                     	;# 
   323     0296                     	;# 
   324     0298                     	;# 
   325     0298                     	;# 
   326     0299                     	;# 
   327     029A                     	;# 
   328     029B                     	;# 
   329     029C                     	;# 
   330     029C                     	;# 
   331     029D                     	;# 
   332     029E                     	;# 
   333     029F                     	;# 
   334     0311                     	;# 
   335     0311                     	;# 
   336     0312                     	;# 
   337     0313                     	;# 
   338     0314                     	;# 
   339     0315                     	;# 
   340     0315                     	;# 
   341     0316                     	;# 
   342     0318                     	;# 
   343     0318                     	;# 
   344     0319                     	;# 
   345     031A                     	;# 
   346     031C                     	;# 
   347     031C                     	;# 
   348     031D                     	;# 
   349     031E                     	;# 
   350     0394                     	;# 
   351     0395                     	;# 
   352     0396                     	;# 
   353     0415                     	;# 
   354     0416                     	;# 
   355     0417                     	;# 
   356     041C                     	;# 
   357     041D                     	;# 
   358     041E                     	;# 
   359     0791                     	;# 
   360     0792                     	;# 
   361     0793                     	;# 
   362     0794                     	;# 
   363     0795                     	;# 
   364     0798                     	;# 
   365     0799                     	;# 
   366     07A0                     	;# 
   367     07A1                     	;# 
   368     07A3                     	;# 
   369     07A4                     	;# 
   370     07A6                     	;# 
   371     07A7                     	;# 
   372     07A9                     	;# 
   373     07AA                     	;# 
   374     0FE4                     	;# 
   375     0FE5                     	;# 
   376     0FE6                     	;# 
   377     0FE7                     	;# 
   378     0FE8                     	;# 
   379     0FE9                     	;# 
   380     0FEA                     	;# 
   381     0FEB                     	;# 
   382     0FED                     	;# 
   383     0FEE                     	;# 
   384     0FEF                     	;# 
   385                           
   386                           	psect	idataBANK0
   387     0637                     __pidataBANK0:
   388                           
   389                           ;initializer for _data48
   390     0637  3402               	retlw	2
   391     0638  3400               	retlw	0
   392     0639  3400               	retlw	0
   393     063A  34B4               	retlw	180
   394                           
   395                           	psect	idataBANK1
   396     06CC                     __pidataBANK1:
   397                           
   398                           ;initializer for _CS
   399     06CC  344C               	retlw	76
   400     06CD  349F               	retlw	159
   401     06CE  34ED               	retlw	237
   402     06CF  3462               	retlw	98
   403     06D0  349A               	retlw	154
   404     06D1  3400               	retlw	0
   405     06D2  3400               	retlw	0
   406     06D3  3400               	retlw	0
   407     06D4  3427               	retlw	39
   408     06D5  3400               	retlw	0
   409     06D6  3400               	retlw	0
   410     06D7  3400               	retlw	0
   411     06D8  3473               	retlw	115
   412     06D9  34A0               	retlw	160
   413     06DA  3471               	retlw	113
   414     06DB  3401               	retlw	1
   415     06DC  348E               	retlw	142
   416     06DD  345D               	retlw	93
   417     06DE  342F               	retlw	47
   418     06DF  34FC               	retlw	252
   419     06E0  3467               	retlw	103
   420     06E1  3400               	retlw	0
   421     06E2  3400               	retlw	0
   422     06E3  3400               	retlw	0
   423     06E4  34DA               	retlw	218
   424     06E5  3400               	retlw	0
   425     06E6  3400               	retlw	0
   426     06E7  3400               	retlw	0
   427     06E8  3412               	retlw	18
   428     06E9  34A0               	retlw	160
   429     06EA  3471               	retlw	113
   430     06EB  3401               	retlw	1
   431     06EC  342D               	retlw	45
   432     06ED  34FE               	retlw	254
   433     06EE  348C               	retlw	140
   434     06EF  345F               	retlw	95
   435     06F0  342C               	retlw	44
   436     06F1  3400               	retlw	0
   437     06F2  3400               	retlw	0
   438     06F3  3400               	retlw	0
   439     06F4  3438               	retlw	56
   440     06F5  34EB               	retlw	235
   441     06F6  3499               	retlw	153
   442     06F7  344A               	retlw	74
   443     06F8  3412               	retlw	18
   444     06F9  34C1               	retlw	193
   445     06FA  34B3               	retlw	179
   446     06FB  3460               	retlw	96
   447     06FC  34EF               	retlw	239
   448     06FD  343C               	retlw	60
   449     06FE  344E               	retlw	78
   450     06FF  349D               	retlw	157
   451     0700  34D1               	retlw	209
   452     0701  3400               	retlw	0
   453     0702  3400               	retlw	0
   454     0703  3400               	retlw	0
   455     0704  346C               	retlw	108
   456     0705  3400               	retlw	0
   457     0706  3400               	retlw	0
   458     0707  3400               	retlw	0
   459     0708  34D0               	retlw	208
   460     0709  3403               	retlw	3
   461     070A  3471               	retlw	113
   462     070B  34A2               	retlw	162
   463     000E                     _PORTCbits	set	14
   464     000D                     _PORTBbits	set	13
   465     000C                     _PORTAbits	set	12
   466     001B                     _PR2	set	27
   467     0010                     _PORTE	set	16
   468     000E                     _PORTC	set	14
   469     000D                     _PORTB	set	13
   470     000C                     _PORTA	set	12
   471     00E0                     _T2CKPS0	set	224
   472     00E1                     _T2CKPS1	set	225
   473     00E2                     _TMR2ON	set	226
   474     0089                     _TMR2IF	set	137
   475     0090                     _TRISE	set	144
   476     008E                     _TRISC	set	142
   477     008D                     _TRISB	set	141
   478     008C                     _TRISA	set	140
   479     0098                     _OSCTUNE	set	152
   480     0099                     _OSCCON	set	153
   481     0110                     _LATE	set	272
   482     010E                     _LATC	set	270
   483     010C                     _LATA	set	268
   484     010D                     _LATB	set	269
   485     08EE                     _CCP3SEL	set	2286
   486     018D                     _ANSELB	set	397
   487     018C                     _ANSELA	set	396
   488     0313                     _CCP3CON	set	787
   489     0311                     _CCPR3L	set	785
   490                           
   491                           	psect	cinit
   492     07DD                     start_initialization:	
   493                           ; #config settings
   494                           
   495     07DD                     __initialization:
   496                           
   497                           ; Initialize objects allocated to BANK0
   498     07DD  3037               	movlw	low __pidataBANK0
   499     07DE  0084               	movwf	4
   500     07DF  3086               	movlw	(high __pidataBANK0)| (0+128)
   501     07E0  0085               	movwf	5
   502     07E1  3038               	movlw	low __pdataBANK0
   503     07E2  0086               	movwf	6
   504     07E3  3000               	movlw	high __pdataBANK0
   505     07E4  0087               	movwf	7
   506     07E5  3004               	movlw	4
   507     07E6  3186  2641  3187   	fcall	init_ram
   508                           
   509                           ; Initialize objects allocated to BANK1
   510     07E9  30CC               	movlw	low __pidataBANK1
   511     07EA  0084               	movwf	4
   512     07EB  3086               	movlw	(high __pidataBANK1)| (0+128)
   513     07EC  0085               	movwf	5
   514     07ED  30A0               	movlw	low __pdataBANK1
   515     07EE  0086               	movwf	6
   516     07EF  3000               	movlw	high __pdataBANK1
   517     07F0  0087               	movwf	7
   518     07F1  3040               	movlw	64
   519     07F2  3186  2641  3187   	fcall	init_ram
   520                           
   521                           ; Clear objects allocated to BANK0
   522     07F5  3020               	movlw	low __pbssBANK0
   523     07F6  0084               	movwf	4
   524     07F7  3000               	movlw	high __pbssBANK0
   525     07F8  0085               	movwf	5
   526     07F9  3018               	movlw	24
   527     07FA  3186  263B  3187   	fcall	clear_ram0
   528     07FD                     end_of_initialization:	
   529                           ;End of C runtime variable initialization code
   530                           
   531     07FD                     __end_of__initialization:
   532     07FD  0020               	movlb	0
   533     07FE  3186  2E8D         	ljmp	_main	;jump to C main() function
   534                           
   535                           	psect	bssBANK0
   536     0020                     __pbssBANK0:
   537     0020                     _tx_Data:
   538     0020                     	ds	11
   539     002B                     PWM@F2774:
   540     002B                     	ds	8
   541     0033                     _b:
   542     0033                     	ds	1
   543     0034                     _a:
   544     0034                     	ds	1
   545     0035                     _csFlag:
   546     0035                     	ds	1
   547     0036                     _D3:
   548     0036                     	ds	1
   549     0037                     _D2:
   550     0037                     	ds	1
   551                           
   552                           	psect	dataBANK0
   553     0038                     __pdataBANK0:
   554     0038                     _data48:
   555     0038                     	ds	4
   556                           
   557                           	psect	dataBANK1
   558     00A0                     __pdataBANK1:
   559     00A0                     _CS:
   560     00A0                     	ds	64
   561                           
   562                           	psect	inittext
   563     0641                     init_ram:
   564     0641  00FE               	movwf	btemp
   565     0642                     initloop:
   566     0642  0012               	moviw fsr0++
   567     0643  001E               	movwi fsr1++
   568     0644  0BFE               	decfsz	btemp,f
   569     0645  2E42               	goto	initloop
   570     0646  3400               	retlw	0
   571                           
   572                           	psect	clrtext
   573     063B                     clear_ram0:	
   574                           ;	Called with FSR0 containing the base address, and
   575                           ;	WREG with the size to clear
   576                           
   577     063B  0064               	clrwdt	;clear the watchdog before getting into this loop
   578     063C                     clrloop0:
   579     063C  0180               	clrf	0	;clear RAM location pointed to by FSR
   580     063D  3101               	addfsr 0,1
   581     063E  0B89               	decfsz	9,f	;Have we reached the end of clearing yet?
   582     063F  2E3C               	goto	clrloop0	;have we reached the end yet?
   583     0640  3400               	retlw	0	;all done for this memory range, return
   584                           
   585                           	psect	cstackCOMMON
   586     0070                     __pcstackCOMMON:
   587     0070                     ?_wait_for_pwm_cycle_complete:
   588     0070                     ??_wait_for_pwm_cycle_complete:	
   589                           ; 1 bytes @ 0x0
   590                           
   591     0070                     ?_PWM:	
   592                           ; 1 bytes @ 0x0
   593                           
   594     0070                     ??_PWM:	
   595                           ; 1 bytes @ 0x0
   596                           
   597     0070                     ?_Hardware_Init:	
   598                           ; 1 bytes @ 0x0
   599                           
   600     0070                     ??_Hardware_Init:	
   601                           ; 1 bytes @ 0x0
   602                           
   603     0070                     ?_Check_Input:	
   604                           ; 1 bytes @ 0x0
   605                           
   606     0070                     ??_Check_Input:	
   607                           ; 1 bytes @ 0x0
   608                           
   609     0070                     ?_main:	
   610                           ; 1 bytes @ 0x0
   611                           
   612                           
   613                           ; 2 bytes @ 0x0
   614     0070                     	ds	1
   615     0071                     PWM@Dbit:
   616                           
   617                           ; 8 bytes @ 0x1
   618     0071                     	ds	8
   619     0079                     PWM@i_197:
   620                           
   621                           ; 1 bytes @ 0x9
   622     0079                     	ds	1
   623     007A                     PWM@i:
   624                           
   625                           ; 1 bytes @ 0xA
   626     007A                     	ds	1
   627     007B                     PWM@num:
   628                           
   629                           ; 1 bytes @ 0xB
   630     007B                     	ds	1
   631     007C                     ??_main:
   632                           
   633                           ; 1 bytes @ 0xC
   634     007C                     	ds	1
   635     007D                     main@i:
   636                           
   637                           ; 1 bytes @ 0xD
   638     007D                     	ds	1
   639                           
   640                           	psect	maintext
   641     068D                     __pmaintext:	
   642 ;;
   643 ;;Main: autosize = 0, tempsize = 1, incstack = 0, save=0
   644 ;;
   645 ;; *************** function _main *****************
   646 ;; Defined at:
   647 ;;		line 466 in file "TOYOTA_TX_V3.c"
   648 ;; Parameters:    Size  Location     Type
   649 ;;		None
   650 ;; Auto vars:     Size  Location     Type
   651 ;;  i               1   13[COMMON] unsigned char 
   652 ;; Return value:  Size  Location     Type
   653 ;;                  2  115[None  ] int 
   654 ;; Registers used:
   655 ;;		wreg, fsr1l, fsr1h, status,2, status,0, pclath, cstack
   656 ;; Tracked objects:
   657 ;;		On entry : B1F/0
   658 ;;		On exit  : 0/0
   659 ;;		Unchanged: 0/0
   660 ;; Data sizes:     COMMON   BANK0   BANK1   BANK2   BANK3   BANK4   BANK5   BANK6
   661 ;;      Params:         0       0       0       0       0       0       0       0
   662 ;;      Locals:         1       0       0       0       0       0       0       0
   663 ;;      Temps:          1       0       0       0       0       0       0       0
   664 ;;      Totals:         2       0       0       0       0       0       0       0
   665 ;;Total ram usage:        2 bytes
   666 ;; Hardware stack levels required when called: 2
   667 ;; This function calls:
   668 ;;		_Check_Input
   669 ;;		_Hardware_Init
   670 ;;		_PWM
   671 ;; This function is called by:
   672 ;;		Startup code after reset
   673 ;; This function uses a non-reentrant model
   674 ;;
   675                           
   676     068D                     _main:	
   677                           ;psect for function _main
   678                           
   679     068D                     l983:	
   680                           ;incstack = 0
   681                           ; Regs used in _main: [wreg+fsr1l+fsr1h+status,2+status,0+pclath+cstack]
   682                           
   683                           
   684                           ;TOYOTA_TX_V3.c: 467:   Hardware_Init();
   685     068D  3186  264E  3186   	fcall	_Hardware_Init
   686     0690                     l985:
   687                           
   688                           ;TOYOTA_TX_V3.c: 469:     Check_Input();
   689     0690  3187  270C  3186   	fcall	_Check_Input
   690                           
   691                           ;TOYOTA_TX_V3.c: 472:     tx_Data[0] = 0xC8;
   692     0693  30C8               	movlw	200
   693     0694  0020               	movlb	0	; select bank0
   694     0695  00A0               	movwf	_tx_Data
   695                           
   696                           ;TOYOTA_TX_V3.c: 473:     tx_Data[1] = 0x8B;
   697     0696  308B               	movlw	139
   698     0697  00A1               	movwf	_tx_Data+1
   699     0698                     l987:
   700                           
   701                           ;TOYOTA_TX_V3.c: 474:     tx_Data[2] = 0x00;
   702     0698  01A2               	clrf	_tx_Data+2
   703     0699                     l989:
   704                           
   705                           ;TOYOTA_TX_V3.c: 476:     tx_Data[3] = 0x00;
   706     0699  01A3               	clrf	_tx_Data+3
   707     069A                     l991:
   708                           
   709                           ;TOYOTA_TX_V3.c: 478:     tx_Data[4] = 0x00;
   710     069A  01A4               	clrf	_tx_Data+4
   711     069B                     l993:
   712                           
   713                           ;TOYOTA_TX_V3.c: 479:     tx_Data[5] = 0x00;
   714     069B  01A5               	clrf	_tx_Data+5
   715     069C                     l995:
   716                           
   717                           ;TOYOTA_TX_V3.c: 480:     tx_Data[6] = 0x00;
   718     069C  01A6               	clrf	_tx_Data+6
   719     069D                     l997:
   720                           
   721                           ;TOYOTA_TX_V3.c: 481:     tx_Data[7] = 0x00;
   722     069D  01A7               	clrf	_tx_Data+7
   723     069E                     l999:
   724                           
   725                           ;TOYOTA_TX_V3.c: 482:     tx_Data[8] = 0x00;
   726     069E  01A8               	clrf	_tx_Data+8
   727     069F                     l1001:
   728                           
   729                           ;TOYOTA_TX_V3.c: 483:     tx_Data[9] = 0x00;
   730     069F  01A9               	clrf	_tx_Data+9
   731                           
   732                           ;TOYOTA_TX_V3.c: 484:     tx_Data[10] = 0x04C;
   733     06A0  304C               	movlw	76
   734     06A1  00AA               	movwf	_tx_Data+10
   735                           
   736                           ;TOYOTA_TX_V3.c: 486:     tx_Data[2] = D2.Byte;
   737     06A2  0837               	movf	_D2,w
   738     06A3  00A2               	movwf	_tx_Data+2
   739                           
   740                           ;TOYOTA_TX_V3.c: 487:     tx_Data[3] = D3.Byte;
   741     06A4  0836               	movf	_D3,w
   742     06A5  00A3               	movwf	_tx_Data+3
   743     06A6                     l1003:
   744                           
   745                           ;TOYOTA_TX_V3.c: 488:     tx_Data[10] = CS[csFlag.Byte];
   746     06A6  0835               	movf	_csFlag,w
   747     06A7  3EA0               	addlw	(low (_CS| 0))& (0+255)
   748     06A8  0086               	movwf	6
   749     06A9  0187               	clrf	7
   750     06AA  0801               	movf	1,w
   751     06AB  00AA               	movwf	_tx_Data+10
   752     06AC                     l1005:
   753                           
   754                           ;TOYOTA_TX_V3.c: 489:     for (uint8_t i = 0; i < 11; i++) {
   755     06AC  01FD               	clrf	main@i
   756     06AD                     l1011:
   757                           
   758                           ;TOYOTA_TX_V3.c: 490:       PWM(tx_Data[i]);
   759     06AD  087D               	movf	main@i,w
   760     06AE  3E20               	addlw	(low (_tx_Data| 0))& (0+255)
   761     06AF  0086               	movwf	6
   762     06B0  0187               	clrf	7
   763     06B1  0801               	movf	1,w
   764     06B2  3187  2753  3186   	fcall	_PWM
   765     06B5                     l1013:
   766                           
   767                           ;TOYOTA_TX_V3.c: 491:     }
   768     06B5  3001               	movlw	1
   769     06B6  00FC               	movwf	??_main
   770     06B7  087C               	movf	??_main,w
   771     06B8  07FD               	addwf	main@i,f
   772     06B9                     l1015:
   773     06B9  300B               	movlw	11
   774     06BA  027D               	subwf	main@i,w
   775     06BB  1C03               	skipc
   776     06BC  2EBE               	goto	u361
   777     06BD  2EBF               	goto	u360
   778     06BE                     u361:
   779     06BE  2EAD               	goto	l1011
   780     06BF                     u360:
   781     06BF                     l1017:
   782                           
   783                           ;TOYOTA_TX_V3.c: 1153:     CCPR3L = 30;
   784     06BF  301E               	movlw	30
   785     06C0  0026               	movlb	6	; select bank6
   786     06C1  0091               	movwf	17	;volatile
   787                           
   788                           ;TOYOTA_TX_V3.c: 1154:     _delay((unsigned long)((20)*(32000000/4000.0)));
   789     06C2  30D0               	movlw	208
   790     06C3  00FC               	movwf	??_main
   791     06C4  30CA               	movlw	202
   792     06C5                     u377:
   793     06C5  0B89               	decfsz	9,f
   794     06C6  2EC5               	goto	u377
   795     06C7  0BFC               	decfsz	??_main,f
   796     06C8  2EC5               	goto	u377
   797     06C9  2E90               	goto	l985
   798     06CA  3180  2802         	ljmp	start
   799     06CC                     __end_of_main:
   800                           
   801                           	psect	text1
   802     0753                     __ptext1:	
   803 ;; *************** function _PWM *****************
   804 ;; Defined at:
   805 ;;		line 335 in file "TOYOTA_TX_V3.c"
   806 ;; Parameters:    Size  Location     Type
   807 ;;  num             1    wreg     unsigned char 
   808 ;; Auto vars:     Size  Location     Type
   809 ;;  num             1   11[COMMON] unsigned char 
   810 ;;  i               1    9[COMMON] unsigned char 
   811 ;;  i               1   10[COMMON] unsigned char 
   812 ;;  Dbit            8    1[COMMON] unsigned char [8]
   813 ;; Return value:  Size  Location     Type
   814 ;;                  1    wreg      void 
   815 ;; Registers used:
   816 ;;		wreg, fsr1l, fsr1h, status,2, status,0, pclath, cstack
   817 ;; Tracked objects:
   818 ;;		On entry : 0/0
   819 ;;		On exit  : 0/0
   820 ;;		Unchanged: 0/0
   821 ;; Data sizes:     COMMON   BANK0   BANK1   BANK2   BANK3   BANK4   BANK5   BANK6
   822 ;;      Params:         0       0       0       0       0       0       0       0
   823 ;;      Locals:        11       0       0       0       0       0       0       0
   824 ;;      Temps:          1       0       0       0       0       0       0       0
   825 ;;      Totals:        12       0       0       0       0       0       0       0
   826 ;;Total ram usage:       12 bytes
   827 ;; Hardware stack levels used: 1
   828 ;; Hardware stack levels required when called: 1
   829 ;; This function calls:
   830 ;;		_wait_for_pwm_cycle_complete
   831 ;; This function is called by:
   832 ;;		_main
   833 ;; This function uses a non-reentrant model
   834 ;;
   835                           
   836     0753                     _PWM:	
   837                           ;psect for function _PWM
   838                           
   839                           
   840                           ;incstack = 0
   841                           ; Regs used in _PWM: [wreg+fsr1l+fsr1h+status,2+status,0+pclath+cstack]
   842                           ;PWM@num stored from wreg
   843     0753  00FB               	movwf	PWM@num
   844     0754                     l877:
   845                           
   846                           ;TOYOTA_TX_V3.c: 336:   unsigned char Dbit[8] = {0};
   847     0754  3071               	movlw	low PWM@Dbit
   848     0755  0086               	movwf	6
   849     0756  3000               	movlw	high PWM@Dbit
   850     0757  0087               	movwf	7
   851     0758  3008               	movlw	8
   852     0759  00F0               	movwf	??_PWM
   853     075A  3000               	movlw	0
   854     075B                     u200:
   855     075B  001E               	movwi fsr1++
   856     075C  0BF0               	decfsz	??_PWM,f
   857     075D  2F5B               	goto	u200
   858     075E                     l879:
   859                           
   860                           ;TOYOTA_TX_V3.c: 337:   Dbit[0] = (num >> 0) & 0x01;
   861     075E  087B               	movf	PWM@num,w
   862     075F  3901               	andlw	1
   863     0760  00F1               	movwf	PWM@Dbit
   864     0761                     l881:
   865                           
   866                           ;TOYOTA_TX_V3.c: 338:   Dbit[1] = (num >> 1) & 0x01;
   867     0761  367B               	lsrf	PWM@num,w
   868     0762  3901               	andlw	1
   869     0763  00F2               	movwf	PWM@Dbit+1
   870     0764                     l883:
   871                           
   872                           ;TOYOTA_TX_V3.c: 339:   Dbit[2] = (num >> 2) & 0x01;
   873     0764  087B               	movf	PWM@num,w
   874     0765  00F0               	movwf	??_PWM
   875     0766  3002               	movlw	2
   876     0767                     u215:
   877     0767  36F0               	lsrf	??_PWM,f
   878     0768  0B89               	decfsz	9,f
   879     0769  2F67               	goto	u215
   880     076A  0870               	movf	??_PWM,w
   881     076B  3901               	andlw	1
   882     076C  00F3               	movwf	PWM@Dbit+2
   883     076D                     l885:
   884                           
   885                           ;TOYOTA_TX_V3.c: 340:   Dbit[3] = (num >> 3) & 0x01;
   886     076D  087B               	movf	PWM@num,w
   887     076E  00F0               	movwf	??_PWM
   888     076F  3003               	movlw	3
   889     0770                     u225:
   890     0770  36F0               	lsrf	??_PWM,f
   891     0771  0B89               	decfsz	9,f
   892     0772  2F70               	goto	u225
   893     0773  0870               	movf	??_PWM,w
   894     0774  3901               	andlw	1
   895     0775  00F4               	movwf	PWM@Dbit+3
   896     0776                     l887:
   897                           
   898                           ;TOYOTA_TX_V3.c: 341:   Dbit[4] = (num >> 4) & 0x01;
   899     0776  087B               	movf	PWM@num,w
   900     0777  00F0               	movwf	??_PWM
   901     0778  3004               	movlw	4
   902     0779                     u235:
   903     0779  36F0               	lsrf	??_PWM,f
   904     077A  0B89               	decfsz	9,f
   905     077B  2F79               	goto	u235
   906     077C  0870               	movf	??_PWM,w
   907     077D  3901               	andlw	1
   908     077E  00F5               	movwf	PWM@Dbit+4
   909     077F                     l889:
   910                           
   911                           ;TOYOTA_TX_V3.c: 342:   Dbit[5] = (num >> 5) & 0x01;
   912     077F  087B               	movf	PWM@num,w
   913     0780  00F0               	movwf	??_PWM
   914     0781  3005               	movlw	5
   915     0782                     u245:
   916     0782  36F0               	lsrf	??_PWM,f
   917     0783  0B89               	decfsz	9,f
   918     0784  2F82               	goto	u245
   919     0785  0870               	movf	??_PWM,w
   920     0786  3901               	andlw	1
   921     0787  00F6               	movwf	PWM@Dbit+5
   922     0788                     l891:
   923                           
   924                           ;TOYOTA_TX_V3.c: 343:   Dbit[6] = (num >> 6) & 0x01;
   925     0788  087B               	movf	PWM@num,w
   926     0789  00F0               	movwf	??_PWM
   927     078A  3006               	movlw	6
   928     078B                     u255:
   929     078B  36F0               	lsrf	??_PWM,f
   930     078C  0B89               	decfsz	9,f
   931     078D  2F8B               	goto	u255
   932     078E  0870               	movf	??_PWM,w
   933     078F  3901               	andlw	1
   934     0790  00F7               	movwf	PWM@Dbit+6
   935     0791                     l893:
   936                           
   937                           ;TOYOTA_TX_V3.c: 344:   Dbit[7] = (num >> 7) & 0x01;
   938     0791  087B               	movf	PWM@num,w
   939     0792  00F0               	movwf	??_PWM
   940     0793  3007               	movlw	7
   941     0794                     u265:
   942     0794  36F0               	lsrf	??_PWM,f
   943     0795  0B89               	decfsz	9,f
   944     0796  2F94               	goto	u265
   945     0797  0870               	movf	??_PWM,w
   946     0798  3901               	andlw	1
   947     0799  00F8               	movwf	PWM@Dbit+7
   948     079A                     l895:
   949                           
   950                           ;TOYOTA_TX_V3.c: 345:   wait_for_pwm_cycle_complete();
   951     079A  3186  2647  3187   	fcall	_wait_for_pwm_cycle_complete
   952     079D                     l897:
   953                           
   954                           ;TOYOTA_TX_V3.c: 346:   CCPR3L = 55;
   955     079D  3037               	movlw	55
   956     079E  0026               	movlb	6	; select bank6
   957     079F  0091               	movwf	17	;volatile
   958     07A0                     l899:
   959                           
   960                           ;TOYOTA_TX_V3.c: 348:   for (uint8_t i = 0; i < 8; i++) {
   961     07A0  01FA               	clrf	PWM@i
   962     07A1                     l905:
   963                           
   964                           ;TOYOTA_TX_V3.c: 349:     if (Dbit[i] == 1) {
   965     07A1  087A               	movf	PWM@i,w
   966     07A2  3E71               	addlw	(low (PWM@Dbit| 0))& (0+255)
   967     07A3  0086               	movwf	6
   968     07A4  0187               	clrf	7
   969     07A5  0301               	decf	1,w
   970     07A6  1D03               	btfss	3,2
   971     07A7  2FA9               	goto	u271
   972     07A8  2FAA               	goto	u270
   973     07A9                     u271:
   974     07A9  2FB1               	goto	l909
   975     07AA                     u270:
   976     07AA                     l907:
   977                           
   978                           ;TOYOTA_TX_V3.c: 350:       Dbit[i] = 30;
   979     07AA  087A               	movf	PWM@i,w
   980     07AB  3E71               	addlw	(low (PWM@Dbit| 0))& (0+255)
   981     07AC  0086               	movwf	6
   982     07AD  0187               	clrf	7
   983     07AE  301E               	movlw	30
   984     07AF  0081               	movwf	1
   985                           
   986                           ;TOYOTA_TX_V3.c: 351:     } else {
   987     07B0  2FB7               	goto	l911
   988     07B1                     l909:
   989                           
   990                           ;TOYOTA_TX_V3.c: 352:       Dbit[i] = 55;
   991     07B1  087A               	movf	PWM@i,w
   992     07B2  3E71               	addlw	(low (PWM@Dbit| 0))& (0+255)
   993     07B3  0086               	movwf	6
   994     07B4  0187               	clrf	7
   995     07B5  3037               	movlw	55
   996     07B6  0081               	movwf	1
   997     07B7                     l911:
   998                           
   999                           ;TOYOTA_TX_V3.c: 354:     wait_for_pwm_cycle_complete();
  1000     07B7  3186  2647  3187   	fcall	_wait_for_pwm_cycle_complete
  1001     07BA                     l913:
  1002                           
  1003                           ;TOYOTA_TX_V3.c: 355:     CCPR3L = Dbit[i];
  1004     07BA  087A               	movf	PWM@i,w
  1005     07BB  3E71               	addlw	(low (PWM@Dbit| 0))& (0+255)
  1006     07BC  0086               	movwf	6
  1007     07BD  0187               	clrf	7
  1008     07BE  0801               	movf	1,w
  1009     07BF  0026               	movlb	6	; select bank6
  1010     07C0  0091               	movwf	17	;volatile
  1011     07C1                     l915:
  1012                           
  1013                           ;TOYOTA_TX_V3.c: 356:   }
  1014     07C1  3001               	movlw	1
  1015     07C2  00F0               	movwf	??_PWM
  1016     07C3  0870               	movf	??_PWM,w
  1017     07C4  07FA               	addwf	PWM@i,f
  1018     07C5                     l917:
  1019     07C5  3008               	movlw	8
  1020     07C6  027A               	subwf	PWM@i,w
  1021     07C7  1C03               	skipc
  1022     07C8  2FCA               	goto	u281
  1023     07C9  2FCB               	goto	u280
  1024     07CA                     u281:
  1025     07CA  2FA1               	goto	l905
  1026     07CB                     u280:
  1027     07CB                     l919:
  1028                           
  1029                           ;TOYOTA_TX_V3.c: 358:   for (uint8_t i = 0; i < 8; i++) {
  1030     07CB  01F9               	clrf	PWM@i_197
  1031     07CC                     l925:
  1032                           
  1033                           ;TOYOTA_TX_V3.c: 359:     wait_for_pwm_cycle_complete();
  1034     07CC  3186  2647  3187   	fcall	_wait_for_pwm_cycle_complete
  1035     07CF                     l927:
  1036                           
  1037                           ;TOYOTA_TX_V3.c: 360:     CCPR3L = 30;
  1038     07CF  301E               	movlw	30
  1039     07D0  0026               	movlb	6	; select bank6
  1040     07D1  0091               	movwf	17	;volatile
  1041     07D2                     l929:
  1042                           
  1043                           ;TOYOTA_TX_V3.c: 361:   }
  1044     07D2  3001               	movlw	1
  1045     07D3  00F0               	movwf	??_PWM
  1046     07D4  0870               	movf	??_PWM,w
  1047     07D5  07F9               	addwf	PWM@i_197,f
  1048     07D6                     l931:
  1049     07D6  3008               	movlw	8
  1050     07D7  0279               	subwf	PWM@i_197,w
  1051     07D8  1C03               	skipc
  1052     07D9  2FDB               	goto	u291
  1053     07DA  2FDC               	goto	u290
  1054     07DB                     u291:
  1055     07DB  2FCC               	goto	l925
  1056     07DC                     u290:
  1057     07DC                     l93:
  1058     07DC  0008               	return
  1059     07DD                     __end_of_PWM:
  1060                           
  1061                           	psect	text2
  1062     0647                     __ptext2:	
  1063 ;; *************** function _wait_for_pwm_cycle_complete *****************
  1064 ;; Defined at:
  1065 ;;		line 326 in file "TOYOTA_TX_V3.c"
  1066 ;; Parameters:    Size  Location     Type
  1067 ;;		None
  1068 ;; Auto vars:     Size  Location     Type
  1069 ;;		None
  1070 ;; Return value:  Size  Location     Type
  1071 ;;                  1    wreg      void 
  1072 ;; Registers used:
  1073 ;;		None
  1074 ;; Tracked objects:
  1075 ;;		On entry : 0/0
  1076 ;;		On exit  : 0/0
  1077 ;;		Unchanged: 0/0
  1078 ;; Data sizes:     COMMON   BANK0   BANK1   BANK2   BANK3   BANK4   BANK5   BANK6
  1079 ;;      Params:         0       0       0       0       0       0       0       0
  1080 ;;      Locals:         0       0       0       0       0       0       0       0
  1081 ;;      Temps:          0       0       0       0       0       0       0       0
  1082 ;;      Totals:         0       0       0       0       0       0       0       0
  1083 ;;Total ram usage:        0 bytes
  1084 ;; Hardware stack levels used: 1
  1085 ;; This function calls:
  1086 ;;		Nothing
  1087 ;; This function is called by:
  1088 ;;		_PWM
  1089 ;; This function uses a non-reentrant model
  1090 ;;
  1091                           
  1092     0647                     _wait_for_pwm_cycle_complete:	
  1093                           ;psect for function _wait_for_pwm_cycle_complete
  1094                           
  1095     0647                     l78:	
  1096                           ;incstack = 0
  1097                           ; Regs used in _wait_for_pwm_cycle_complete: []
  1098                           ;TOYOTA_TX_V3.c: 327:   while (1) {
  1099                           
  1100                           
  1101                           ;TOYOTA_TX_V3.c: 328:     if (TMR2IF) {
  1102     0647  0020               	movlb	0	; select bank0
  1103     0648  1C91               	btfss	17,1	;volatile
  1104     0649  2E4B               	goto	u191
  1105     064A  2E4C               	goto	u190
  1106     064B                     u191:
  1107     064B  2E47               	goto	l78
  1108     064C                     u190:
  1109     064C                     l875:
  1110                           
  1111                           ;TOYOTA_TX_V3.c: 329:       TMR2IF = 0;
  1112     064C  1091               	bcf	17,1	;volatile
  1113     064D                     l82:	
  1114                           ;TOYOTA_TX_V3.c: 330:       break;
  1115                           
  1116     064D  0008               	return
  1117     064E                     __end_of_wait_for_pwm_cycle_complete:
  1118                           
  1119                           	psect	text3
  1120     064E                     __ptext3:	
  1121 ;; *************** function _Hardware_Init *****************
  1122 ;; Defined at:
  1123 ;;		line 364 in file "TOYOTA_TX_V3.c"
  1124 ;; Parameters:    Size  Location     Type
  1125 ;;		None
  1126 ;; Auto vars:     Size  Location     Type
  1127 ;;		None
  1128 ;; Return value:  Size  Location     Type
  1129 ;;                  1    wreg      void 
  1130 ;; Registers used:
  1131 ;;		wreg, status,2
  1132 ;; Tracked objects:
  1133 ;;		On entry : 0/0
  1134 ;;		On exit  : 0/0
  1135 ;;		Unchanged: 0/0
  1136 ;; Data sizes:     COMMON   BANK0   BANK1   BANK2   BANK3   BANK4   BANK5   BANK6
  1137 ;;      Params:         0       0       0       0       0       0       0       0
  1138 ;;      Locals:         0       0       0       0       0       0       0       0
  1139 ;;      Temps:          2       0       0       0       0       0       0       0
  1140 ;;      Totals:         2       0       0       0       0       0       0       0
  1141 ;;Total ram usage:        2 bytes
  1142 ;; Hardware stack levels used: 1
  1143 ;; This function calls:
  1144 ;;		Nothing
  1145 ;; This function is called by:
  1146 ;;		_main
  1147 ;; This function uses a non-reentrant model
  1148 ;;
  1149                           
  1150     064E                     _Hardware_Init:	
  1151                           ;psect for function _Hardware_Init
  1152                           
  1153     064E                     l933:	
  1154                           ;incstack = 0
  1155                           ; Regs used in _Hardware_Init: [wreg+status,2]
  1156                           
  1157                           
  1158                           ;TOYOTA_TX_V3.c: 365:   OSCCON = 0b11110000;
  1159     064E  30F0               	movlw	240
  1160     064F  0021               	movlb	1	; select bank1
  1161     0650  0099               	movwf	25	;volatile
  1162                           
  1163                           ;TOYOTA_TX_V3.c: 367:   OSCTUNE = 0b00111111;
  1164     0651  303F               	movlw	63
  1165     0652  0098               	movwf	24	;volatile
  1166     0653                     l935:
  1167                           
  1168                           ;TOYOTA_TX_V3.c: 368:   ANSELA = 0b00000000;
  1169     0653  0023               	movlb	3	; select bank3
  1170     0654  018C               	clrf	12	;volatile
  1171     0655                     l937:
  1172                           
  1173                           ;TOYOTA_TX_V3.c: 369:   PORTA = 0;
  1174     0655  0020               	movlb	0	; select bank0
  1175     0656  018C               	clrf	12	;volatile
  1176                           
  1177                           ;TOYOTA_TX_V3.c: 370:   TRISA = 0b00011111;
  1178     0657  301F               	movlw	31
  1179     0658  0021               	movlb	1	; select bank1
  1180     0659  008C               	movwf	12	;volatile
  1181     065A                     l939:
  1182                           
  1183                           ;TOYOTA_TX_V3.c: 371:   LATA = 0b00000000;
  1184     065A  0022               	movlb	2	; select bank2
  1185     065B  018C               	clrf	12	;volatile
  1186     065C                     l941:
  1187                           
  1188                           ;TOYOTA_TX_V3.c: 372:   ANSELB = 0b00000000;
  1189     065C  0023               	movlb	3	; select bank3
  1190     065D  018D               	clrf	13	;volatile
  1191     065E                     l943:
  1192                           
  1193                           ;TOYOTA_TX_V3.c: 373:   PORTB = 0;
  1194     065E  0020               	movlb	0	; select bank0
  1195     065F  018D               	clrf	13	;volatile
  1196     0660                     l945:
  1197                           
  1198                           ;TOYOTA_TX_V3.c: 374:   TRISB = 0b00000000;
  1199     0660  0021               	movlb	1	; select bank1
  1200     0661  018D               	clrf	13	;volatile
  1201     0662                     l947:
  1202                           
  1203                           ;TOYOTA_TX_V3.c: 375:   LATB = 0b00000000;
  1204     0662  0022               	movlb	2	; select bank2
  1205     0663  018D               	clrf	13	;volatile
  1206     0664                     l949:
  1207                           
  1208                           ;TOYOTA_TX_V3.c: 376:   PORTC = 0;
  1209     0664  0020               	movlb	0	; select bank0
  1210     0665  018E               	clrf	14	;volatile
  1211                           
  1212                           ;TOYOTA_TX_V3.c: 377:   TRISC = 0b10001010;
  1213     0666  308A               	movlw	138
  1214     0667  0021               	movlb	1	; select bank1
  1215     0668  008E               	movwf	14	;volatile
  1216     0669                     l951:
  1217                           
  1218                           ;TOYOTA_TX_V3.c: 378:   LATC = 0b00000000;
  1219     0669  0022               	movlb	2	; select bank2
  1220     066A  018E               	clrf	14	;volatile
  1221     066B                     l953:
  1222                           
  1223                           ;TOYOTA_TX_V3.c: 379:   PORTE = 0;
  1224     066B  0020               	movlb	0	; select bank0
  1225     066C  0190               	clrf	16	;volatile
  1226     066D                     l955:
  1227                           
  1228                           ;TOYOTA_TX_V3.c: 380:   TRISE = 0b00000000;
  1229     066D  0021               	movlb	1	; select bank1
  1230     066E  0190               	clrf	16	;volatile
  1231     066F                     l957:
  1232                           
  1233                           ;TOYOTA_TX_V3.c: 381:   LATE = 0b00000000;
  1234     066F  0022               	movlb	2	; select bank2
  1235     0670  0190               	clrf	16	;volatile
  1236                           
  1237                           ;TOYOTA_TX_V3.c: 382:   _delay((unsigned long)((100)*(32000000/4000.0)));
  1238     0671  3005               	movlw	5
  1239     0672  00F1               	movwf	??_Hardware_Init+1
  1240     0673  300F               	movlw	15
  1241     0674  00F0               	movwf	??_Hardware_Init
  1242     0675  30F1               	movlw	241
  1243     0676                     u387:
  1244     0676  0B89               	decfsz	9,f
  1245     0677  2E76               	goto	u387
  1246     0678  0BF0               	decfsz	??_Hardware_Init,f
  1247     0679  2E76               	goto	u387
  1248     067A  0BF1               	decfsz	??_Hardware_Init+1,f
  1249     067B  2E76               	goto	u387
  1250     067C  0000               	nop
  1251                           
  1252                           ;TOYOTA_TX_V3.c: 383:   CCP3CON = 0b00001100;
  1253     067D  300C               	movlw	12
  1254     067E  0026               	movlb	6	; select bank6
  1255     067F  0093               	movwf	19	;volatile
  1256     0680                     l959:
  1257                           
  1258                           ;TOYOTA_TX_V3.c: 384:   CCP3SEL = 0;
  1259     0680  0022               	movlb	2	; select bank2
  1260     0681  131D               	bcf	29,6	;volatile
  1261                           
  1262                           ;TOYOTA_TX_V3.c: 385:   PR2 = 103;
  1263     0682  3067               	movlw	103
  1264     0683  0020               	movlb	0	; select bank0
  1265     0684  009B               	movwf	27	;volatile
  1266                           
  1267                           ;TOYOTA_TX_V3.c: 386:   CCPR3L = 30;
  1268     0685  301E               	movlw	30
  1269     0686  0026               	movlb	6	; select bank6
  1270     0687  0091               	movwf	17	;volatile
  1271     0688                     l961:
  1272                           
  1273                           ;TOYOTA_TX_V3.c: 387:   TMR2ON = 1;
  1274     0688  0020               	movlb	0	; select bank0
  1275     0689  151C               	bsf	28,2	;volatile
  1276     068A                     l963:
  1277                           
  1278                           ;TOYOTA_TX_V3.c: 388:   T2CKPS1 = 0;
  1279     068A  109C               	bcf	28,1	;volatile
  1280     068B                     l965:
  1281                           
  1282                           ;TOYOTA_TX_V3.c: 389:   T2CKPS0 = 1;
  1283     068B  141C               	bsf	28,0	;volatile
  1284     068C                     l96:
  1285     068C  0008               	return
  1286     068D                     __end_of_Hardware_Init:
  1287                           
  1288                           	psect	text4
  1289     070C                     __ptext4:	
  1290 ;; *************** function _Check_Input *****************
  1291 ;; Defined at:
  1292 ;;		line 392 in file "TOYOTA_TX_V3.c"
  1293 ;; Parameters:    Size  Location     Type
  1294 ;;		None
  1295 ;; Auto vars:     Size  Location     Type
  1296 ;;		None
  1297 ;; Return value:  Size  Location     Type
  1298 ;;                  1    wreg      void 
  1299 ;; Registers used:
  1300 ;;		status,2
  1301 ;; Tracked objects:
  1302 ;;		On entry : 0/0
  1303 ;;		On exit  : 0/0
  1304 ;;		Unchanged: 0/0
  1305 ;; Data sizes:     COMMON   BANK0   BANK1   BANK2   BANK3   BANK4   BANK5   BANK6
  1306 ;;      Params:         0       0       0       0       0       0       0       0
  1307 ;;      Locals:         0       0       0       0       0       0       0       0
  1308 ;;      Temps:          0       0       0       0       0       0       0       0
  1309 ;;      Totals:         0       0       0       0       0       0       0       0
  1310 ;;Total ram usage:        0 bytes
  1311 ;; Hardware stack levels used: 1
  1312 ;; This function calls:
  1313 ;;		Nothing
  1314 ;; This function is called by:
  1315 ;;		_main
  1316 ;; This function uses a non-reentrant model
  1317 ;;
  1318                           
  1319     070C                     _Check_Input:	
  1320                           ;psect for function _Check_Input
  1321                           
  1322     070C                     l967:	
  1323                           ;incstack = 0
  1324                           ; Regs used in _Check_Input: [status,2]
  1325                           
  1326                           
  1327                           ;TOYOTA_TX_V3.c: 394:   D2.Byte = 0;
  1328     070C  0020               	movlb	0	; select bank0
  1329     070D  01B7               	clrf	_D2
  1330                           
  1331                           ;TOYOTA_TX_V3.c: 395:   D3.Byte = 0;
  1332     070E  01B6               	clrf	_D3
  1333                           
  1334                           ;TOYOTA_TX_V3.c: 396:   csFlag.Byte = 0;
  1335     070F  01B5               	clrf	_csFlag
  1336     0710                     l969:
  1337                           
  1338                           ;TOYOTA_TX_V3.c: 399:   if (PORTAbits.RA0 == 0) {
  1339     0710  180C               	btfsc	12,0	;volatile
  1340     0711  2F13               	goto	u301
  1341     0712  2F14               	goto	u300
  1342     0713                     u301:
  1343     0713  2F18               	goto	l99
  1344     0714                     u300:
  1345     0714                     l971:
  1346                           
  1347                           ;TOYOTA_TX_V3.c: 400:     PORTBbits.RB5 = 1;
  1348     0714  168D               	bsf	13,5	;volatile
  1349                           
  1350                           ;TOYOTA_TX_V3.c: 401:     D2.RunLight = 1;
  1351     0715  1537               	bsf	_D2,2
  1352                           
  1353                           ;TOYOTA_TX_V3.c: 402:     csFlag.RunLight = 1;
  1354     0716  16B5               	bsf	_csFlag,5
  1355                           
  1356                           ;TOYOTA_TX_V3.c: 403:   } else {
  1357     0717  2F1B               	goto	l100
  1358     0718                     l99:
  1359                           
  1360                           ;TOYOTA_TX_V3.c: 404:     PORTBbits.RB5 = 0;
  1361     0718  128D               	bcf	13,5	;volatile
  1362                           
  1363                           ;TOYOTA_TX_V3.c: 405:     D2.RunLight = 0;
  1364     0719  1137               	bcf	_D2,2
  1365                           
  1366                           ;TOYOTA_TX_V3.c: 406:     csFlag.RunLight = 0;
  1367     071A  12B5               	bcf	_csFlag,5
  1368     071B                     l100:	
  1369                           ;TOYOTA_TX_V3.c: 407:   }
  1370                           
  1371                           
  1372                           ;TOYOTA_TX_V3.c: 410:   if (PORTAbits.RA1 == 0) {
  1373     071B  188C               	btfsc	12,1	;volatile
  1374     071C  2F1E               	goto	u311
  1375     071D  2F1F               	goto	u310
  1376     071E                     u311:
  1377     071E  2F23               	goto	l101
  1378     071F                     u310:
  1379     071F                     l973:
  1380                           
  1381                           ;TOYOTA_TX_V3.c: 411:     PORTBbits.RB4 = 1;
  1382     071F  160D               	bsf	13,4	;volatile
  1383                           
  1384                           ;TOYOTA_TX_V3.c: 412:     D2.DRL = 1;
  1385     0720  15B7               	bsf	_D2,3
  1386                           
  1387                           ;TOYOTA_TX_V3.c: 413:     csFlag.DRL = 1;
  1388     0721  1635               	bsf	_csFlag,4
  1389                           
  1390                           ;TOYOTA_TX_V3.c: 414:   } else {
  1391     0722  2F26               	goto	l102
  1392     0723                     l101:
  1393                           
  1394                           ;TOYOTA_TX_V3.c: 415:     PORTBbits.RB4 = 0;
  1395     0723  120D               	bcf	13,4	;volatile
  1396                           
  1397                           ;TOYOTA_TX_V3.c: 416:     D2.DRL = 0;
  1398     0724  11B7               	bcf	_D2,3
  1399                           
  1400                           ;TOYOTA_TX_V3.c: 417:     csFlag.DRL = 0;
  1401     0725  1235               	bcf	_csFlag,4
  1402     0726                     l102:	
  1403                           ;TOYOTA_TX_V3.c: 418:   }
  1404                           
  1405                           
  1406                           ;TOYOTA_TX_V3.c: 421:   if (PORTAbits.RA2 == 0) {
  1407     0726  190C               	btfsc	12,2	;volatile
  1408     0727  2F29               	goto	u321
  1409     0728  2F2A               	goto	u320
  1410     0729                     u321:
  1411     0729  2F2E               	goto	l103
  1412     072A                     u320:
  1413     072A                     l975:
  1414                           
  1415                           ;TOYOTA_TX_V3.c: 422:     PORTBbits.RB3 = 1;
  1416     072A  158D               	bsf	13,3	;volatile
  1417                           
  1418                           ;TOYOTA_TX_V3.c: 423:     D2.LoBeam = 1;
  1419     072B  1637               	bsf	_D2,4
  1420                           
  1421                           ;TOYOTA_TX_V3.c: 424:     csFlag.LoBeam = 1;
  1422     072C  15B5               	bsf	_csFlag,3
  1423                           
  1424                           ;TOYOTA_TX_V3.c: 425:   } else {
  1425     072D  2F31               	goto	l104
  1426     072E                     l103:
  1427                           
  1428                           ;TOYOTA_TX_V3.c: 426:     PORTBbits.RB3 = 0;
  1429     072E  118D               	bcf	13,3	;volatile
  1430                           
  1431                           ;TOYOTA_TX_V3.c: 427:     D2.LoBeam = 0;
  1432     072F  1237               	bcf	_D2,4
  1433                           
  1434                           ;TOYOTA_TX_V3.c: 428:     csFlag.LoBeam = 0;
  1435     0730  11B5               	bcf	_csFlag,3
  1436     0731                     l104:	
  1437                           ;TOYOTA_TX_V3.c: 429:   }
  1438                           
  1439                           
  1440                           ;TOYOTA_TX_V3.c: 432:   if (PORTAbits.RA3 == 0) {
  1441     0731  198C               	btfsc	12,3	;volatile
  1442     0732  2F34               	goto	u331
  1443     0733  2F35               	goto	u330
  1444     0734                     u331:
  1445     0734  2F39               	goto	l105
  1446     0735                     u330:
  1447     0735                     l977:
  1448                           
  1449                           ;TOYOTA_TX_V3.c: 433:     PORTBbits.RB2 = 1;
  1450     0735  150D               	bsf	13,2	;volatile
  1451                           
  1452                           ;TOYOTA_TX_V3.c: 434:     D2.HiBeam = 1;
  1453     0736  16B7               	bsf	_D2,5
  1454                           
  1455                           ;TOYOTA_TX_V3.c: 435:     csFlag.HiBeam = 1;
  1456     0737  1535               	bsf	_csFlag,2
  1457                           
  1458                           ;TOYOTA_TX_V3.c: 436:   } else {
  1459     0738  2F3C               	goto	l106
  1460     0739                     l105:
  1461                           
  1462                           ;TOYOTA_TX_V3.c: 437:     PORTBbits.RB2 = 0;
  1463     0739  110D               	bcf	13,2	;volatile
  1464                           
  1465                           ;TOYOTA_TX_V3.c: 438:     D2.HiBeam = 0;
  1466     073A  12B7               	bcf	_D2,5
  1467                           
  1468                           ;TOYOTA_TX_V3.c: 439:     csFlag.HiBeam = 0;
  1469     073B  1135               	bcf	_csFlag,2
  1470     073C                     l106:	
  1471                           ;TOYOTA_TX_V3.c: 440:   }
  1472                           
  1473                           
  1474                           ;TOYOTA_TX_V3.c: 443:   if (PORTAbits.RA4 == 0) {
  1475     073C  1A0C               	btfsc	12,4	;volatile
  1476     073D  2F3F               	goto	u341
  1477     073E  2F40               	goto	u340
  1478     073F                     u341:
  1479     073F  2F44               	goto	l107
  1480     0740                     u340:
  1481     0740                     l979:
  1482                           
  1483                           ;TOYOTA_TX_V3.c: 444:     PORTBbits.RB1 = 1;
  1484     0740  148D               	bsf	13,1	;volatile
  1485                           
  1486                           ;TOYOTA_TX_V3.c: 445:     D3.turnLight_L = 1;
  1487     0741  16B6               	bsf	_D3,5
  1488                           
  1489                           ;TOYOTA_TX_V3.c: 446:     csFlag.turnLight_L = 1;
  1490     0742  14B5               	bsf	_csFlag,1
  1491                           
  1492                           ;TOYOTA_TX_V3.c: 447:   } else {
  1493     0743  2F47               	goto	l108
  1494     0744                     l107:
  1495                           
  1496                           ;TOYOTA_TX_V3.c: 448:     PORTBbits.RB1 = 0;
  1497     0744  108D               	bcf	13,1	;volatile
  1498                           
  1499                           ;TOYOTA_TX_V3.c: 449:     D3.turnLight_L = 0;
  1500     0745  12B6               	bcf	_D3,5
  1501                           
  1502                           ;TOYOTA_TX_V3.c: 450:     csFlag.turnLight_L = 0;
  1503     0746  10B5               	bcf	_csFlag,1
  1504     0747                     l108:	
  1505                           ;TOYOTA_TX_V3.c: 451:   }
  1506                           
  1507                           
  1508                           ;TOYOTA_TX_V3.c: 454:   if (PORTCbits.RC3 == 0) {
  1509     0747  198E               	btfsc	14,3	;volatile
  1510     0748  2F4A               	goto	u351
  1511     0749  2F4B               	goto	u350
  1512     074A                     u351:
  1513     074A  2F4F               	goto	l109
  1514     074B                     u350:
  1515     074B                     l981:
  1516                           
  1517                           ;TOYOTA_TX_V3.c: 455:     PORTBbits.RB0 = 1;
  1518     074B  140D               	bsf	13,0	;volatile
  1519                           
  1520                           ;TOYOTA_TX_V3.c: 456:     D3.trunLight_R = 1;
  1521     074C  1736               	bsf	_D3,6
  1522                           
  1523                           ;TOYOTA_TX_V3.c: 457:     csFlag.turnLight_R = 1;
  1524     074D  1435               	bsf	_csFlag,0
  1525                           
  1526                           ;TOYOTA_TX_V3.c: 458:   } else {
  1527     074E  2F52               	goto	l111
  1528     074F                     l109:
  1529                           
  1530                           ;TOYOTA_TX_V3.c: 459:     PORTBbits.RB0 = 0;
  1531     074F  100D               	bcf	13,0	;volatile
  1532                           
  1533                           ;TOYOTA_TX_V3.c: 460:     D3.trunLight_R = 0;
  1534     0750  1336               	bcf	_D3,6
  1535                           
  1536                           ;TOYOTA_TX_V3.c: 461:     csFlag.turnLight_R = 0;
  1537     0751  1035               	bcf	_csFlag,0
  1538     0752                     l111:
  1539     0752  0008               	return
  1540     0753                     __end_of_Check_Input:
  1541     007E                     btemp	set	126	;btemp
  1542     007E                     wtemp0	set	126
  1543                           
  1544                           	psect	config
  1545                           
  1546                           ;Config register CONFIG1 @ 0x8007
  1547                           ;	Oscillator Selection
  1548                           ;	FOSC = INTOSC, INTOSC oscillator: I/O function on CLKIN pin
  1549                           ;	Watchdog Timer Enable
  1550                           ;	WDTE = OFF, WDT disabled
  1551                           ;	Power-up Timer Enable
  1552                           ;	PWRTE = OFF, PWRT disabled
  1553                           ;	MCLR Pin Function Select
  1554                           ;	MCLRE = OFF, MCLR/VPP pin function is digital input
  1555                           ;	Flash Program Memory Code Protection
  1556                           ;	CP = ON, Program memory code protection is enabled
  1557                           ;	Data Memory Code Protection
  1558                           ;	CPD = ON, Data memory code protection is enabled
  1559                           ;	Brown-out Reset Enable
  1560                           ;	BOREN = ON, Brown-out Reset enabled
  1561                           ;	Clock Out Enable
  1562                           ;	CLKOUTEN = OFF, CLKOUT function is disabled. I/O or oscillator function on the CLKOUT 
      +                          pin
  1563                           ;	Internal/External Switchover
  1564                           ;	IESO = OFF, Internal/External Switchover mode is disabled
  1565                           ;	Fail-Safe Clock Monitor Enable
  1566                           ;	FCMEN = OFF, Fail-Safe Clock Monitor is disabled
  1567     8007                     	org	32775
  1568     8007  0E24               	dw	3620
  1569                           
  1570                           ;Config register CONFIG2 @ 0x8008
  1571                           ;	Flash Memory Self-Write Protection
  1572                           ;	WRT = OFF, Write protection off
  1573                           ;	Voltage Regulator Capacitor Enable
  1574                           ;	VCAPEN = OFF, All VCAP pin functionality is disabled
  1575                           ;	PLL Enable
  1576                           ;	PLLEN = ON, 4x PLL enabled
  1577                           ;	Stack Overflow/Underflow Reset Enable
  1578                           ;	STVREN = ON, Stack Overflow or Underflow will cause a Reset
  1579                           ;	Brown-out Reset Voltage Selection
  1580                           ;	BORV = LO, Brown-out Reset Voltage (Vbor), low trip point selected.
  1581                           ;	Low-Voltage Programming Enable
  1582                           ;	LVP = OFF, High-voltage on MCLR/VPP must be used for programming
  1583     8008                     	org	32776
  1584     8008  1FFF               	dw	8191

Data Sizes:
    Strings     0
    Constant    0
    Data        68
    BSS         24
    Persistent  32
    Stack       0

Auto Spaces:
    Space          Size  Autos    Used
    COMMON           14     14      14
    BANK0            80      0      28
    BANK1            80      0      64
    BANK2            80      0       0
    BANK3            80      0       0
    BANK4            80      0       0
    BANK5            80      0       0
    BANK6            16      0       0

Pointer List with Targets:

    None.

Critical Paths under _main in COMMON

    _main->_PWM

Critical Paths under _main in BANK0

    None.

Critical Paths under _main in BANK1

    None.

Critical Paths under _main in BANK2

    None.

Critical Paths under _main in BANK3

    None.

Critical Paths under _main in BANK4

    None.

Critical Paths under _main in BANK5

    None.

Critical Paths under _main in BANK6

    None.

Call Graph Tables:

 ---------------------------------------------------------------------------------
 (Depth) Function   	        Calls       Base Space   Used Autos Params    Refs
 ---------------------------------------------------------------------------------
 (0) _main                                                 2     2      0     688
                                             12 COMMON     2     2      0
                        _Check_Input
                      _Hardware_Init
                                _PWM
 ---------------------------------------------------------------------------------
 (1) _PWM                                                 12    12      0     620
                                              0 COMMON    12    12      0
        _wait_for_pwm_cycle_complete
 ---------------------------------------------------------------------------------
 (2) _wait_for_pwm_cycle_complete                          0     0      0       0
 ---------------------------------------------------------------------------------
 (1) _Hardware_Init                                        2     2      0       0
                                              0 COMMON     2     2      0
 ---------------------------------------------------------------------------------
 (1) _Check_Input                                          0     0      0       0
 ---------------------------------------------------------------------------------
 Estimated maximum stack depth 2
 ---------------------------------------------------------------------------------

 Call Graph Graphs:

 _main (ROOT)
   _Check_Input
   _Hardware_Init
   _PWM
     _wait_for_pwm_cycle_complete

 Address spaces:
Name               Size   Autos  Total    Cost      Usage
BIGRAM             1F0      0       0       0        0.0%
EEDATA             100      0       0       0        0.0%
NULL                 0      0       0       0        0.0%
CODE                 0      0       0       0        0.0%
BITCOMMON            E      0       0       1        0.0%
BITSFR0              0      0       0       1        0.0%
SFR0                 0      0       0       1        0.0%
COMMON               E      E       E       2      100.0%
BITSFR1              0      0       0       2        0.0%
SFR1                 0      0       0       2        0.0%
BITSFR2              0      0       0       3        0.0%
SFR2                 0      0       0       3        0.0%
STACK                0      0       0       3        0.0%
BITSFR3              0      0       0       4        0.0%
SFR3                 0      0       0       4        0.0%
ABS                  0      0      6A       4        0.0%
BITBANK0            50      0       0       5        0.0%
BITSFR4              0      0       0       5        0.0%
SFR4                 0      0       0       5        0.0%
BANK0               50      0      1C       6       35.0%
BITSFR5              0      0       0       6        0.0%
SFR5                 0      0       0       6        0.0%
BITBANK1            50      0       0       7        0.0%
BITSFR6              0      0       0       7        0.0%
SFR6                 0      0       0       7        0.0%
BANK1               50      0      40       8       80.0%
BITSFR7              0      0       0       8        0.0%
SFR7                 0      0       0       8        0.0%
BITBANK2            50      0       0       9        0.0%
BITSFR8              0      0       0       9        0.0%
SFR8                 0      0       0       9        0.0%
BANK2               50      0       0      10        0.0%
BITSFR9              0      0       0      10        0.0%
SFR9                 0      0       0      10        0.0%
BITBANK3            50      0       0      11        0.0%
BITSFR10             0      0       0      11        0.0%
SFR10                0      0       0      11        0.0%
BANK3               50      0       0      12        0.0%
BITSFR11             0      0       0      12        0.0%
SFR11                0      0       0      12        0.0%
BITBANK4            50      0       0      13        0.0%
BITSFR12             0      0       0      13        0.0%
SFR12                0      0       0      13        0.0%
BANK4               50      0       0      14        0.0%
BITSFR13             0      0       0      14        0.0%
SFR13                0      0       0      14        0.0%
BITBANK5            50      0       0      15        0.0%
BITSFR14             0      0       0      15        0.0%
SFR14                0      0       0      15        0.0%
BANK5               50      0       0      16        0.0%
BITSFR15             0      0       0      16        0.0%
SFR15                0      0       0      16        0.0%
BITBANK6            10      0       0      17        0.0%
BITSFR16             0      0       0      17        0.0%
SFR16                0      0       0      17        0.0%
BANK6               10      0       0      18        0.0%
BITSFR17             0      0       0      18        0.0%
SFR17                0      0       0      18        0.0%
BITSFR18             0      0       0      19        0.0%
SFR18                0      0       0      19        0.0%
DATA                 0      0      6A      19        0.0%
BITSFR19             0      0       0      20        0.0%
SFR19                0      0       0      20        0.0%
BITSFR20             0      0       0      21        0.0%
SFR20                0      0       0      21        0.0%
BITSFR21             0      0       0      22        0.0%
SFR21                0      0       0      22        0.0%
BITSFR22             0      0       0      23        0.0%
SFR22                0      0       0      23        0.0%
BITSFR23             0      0       0      24        0.0%
SFR23                0      0       0      24        0.0%
BITSFR24             0      0       0      25        0.0%
SFR24                0      0       0      25        0.0%
BITSFR25             0      0       0      26        0.0%
SFR25                0      0       0      26        0.0%
BITSFR26             0      0       0      27        0.0%
SFR26                0      0       0      27        0.0%
BITSFR27             0      0       0      28        0.0%
SFR27                0      0       0      28        0.0%
BITSFR28             0      0       0      29        0.0%
SFR28                0      0       0      29        0.0%
BITSFR29             0      0       0      30        0.0%
SFR29                0      0       0      30        0.0%
BITSFR30             0      0       0      31        0.0%
SFR30                0      0       0      31        0.0%
BITSFR31             0      0       0      32        0.0%
SFR31                0      0       0      32        0.0%


Microchip Technology PIC Macro Assembler V2.45 build 20230818022343 
Symbol Table                                                                                   Tue Jun 24 13:20:31 2025

                                  _a 0034                                    _b 0033  
                                 _D2 0037                                   _D3 0036  
                                 l82 064D                                   l93 07DC  
                                 _CS 00A0                                   l78 0647  
                                 l96 068C                                   l99 0718  
                                l100 071B                                  l101 0723  
                                l102 0726                                  l111 0752  
                                l103 072E                                  l104 0731  
                                l105 0739                                  l106 073C  
                                l107 0744                                  l108 0747  
                                l109 074F                                  l911 07B7  
                                l913 07BA                                  l905 07A1  
                                l931 07D6                                  l915 07C1  
                                l907 07AA                                  l941 065C  
                                l933 064E                                  l925 07CC  
                                l917 07C5                                  l909 07B1  
                                l951 0669                                  l943 065E  
                                l935 0653                                  l927 07CF  
                                l919 07CB                                  l961 0688  
                                l953 066B                                  l945 0660  
                                l937 0655                                  l929 07D2  
                                l881 0761                                  l971 0714  
                                l963 068A                                  l955 066D  
                                l947 0662                                  l939 065A  
                                l875 064C                                  l891 0788  
                                l883 0764                                  l981 074B  
                                l973 071F                                  l965 068B  
                                l957 066F                                  l949 0664  
                                l893 0791                                  l885 076D  
                                l877 0754                                  l975 072A  
                                l967 070C                                  l959 0680  
                                l895 079A                                  l887 0776  
                                l879 075E                                  l991 069A  
                                l983 068D                                  l977 0735  
                                l969 0710                                  l897 079D  
                                l889 077F                                  l993 069B  
                                l985 0690                                  l979 0740  
                                l899 07A0                                  l995 069C  
                                l987 0698                                  l997 069D  
                                l989 0699                                  l999 069E  
                                u200 075B                                  u300 0714  
                                u301 0713                                  u310 071F  
                                u311 071E                                  u215 0767  
                                u320 072A                                  u321 0729  
                                u225 0770                                  u330 0735  
                                u331 0734                                  u235 0779  
                                u340 0740                                  u341 073F  
                                u245 0782                                  u350 074B  
                                u190 064C                                  u270 07AA  
                                _PR2 001B                                  u351 074A  
                                u191 064B                                  u271 07A9  
                                u255 078B                                  u280 07CB  
                                u360 06BF                                  u281 07CA  
                                u265 0794                                  u361 06BE  
                                u290 07DC                                  u291 07DB  
                                u377 06C5                                  u387 0676  
                                _PWM 0753                                  wreg 0009  
__end_of_wait_for_pwm_cycle_complete 064E          _wait_for_pwm_cycle_complete 0647  
                               ?_PWM 0070                                 l1001 069F  
                               l1011 06AD                                 l1003 06A6  
                               l1013 06B5                                 l1005 06AC  
                               l1015 06B9                                 l1017 06BF  
                               PWM@i 007A                                 _LATA 010C  
                               _LATB 010D                                 _LATC 010E  
                               _LATE 0110                                 _main 068D  
                               fsr0h 0005                                 fsr1h 0007  
                               indf0 0000                                 fsr0l 0004  
                               indf1 0001                                 fsr1l 0006  
                               btemp 007E                                 start 0002  
                              ??_PWM 0070                          _Check_Input 070C  
                              ?_main 0070                                _PORTA 000C  
                              _PORTB 000D                                _PORTC 000E  
                              _PORTE 0010                                _TRISA 008C  
                              _TRISB 008D                                _TRISC 008E  
                              _TRISE 0090                                main@i 007D  
                              status 0003                                wtemp0 007E  
                    __initialization 07DD                         __end_of_main 06CC  
                             ??_main 007C                               PWM@num 007B  
                             _CCPR3L 0311                               _ANSELA 018C  
                             _ANSELB 018D                               _OSCCON 0099  
                             _TMR2IF 0089                               _TMR2ON 00E2  
                             _data48 0038                               _csFlag 0035  
            __end_of__initialization 07FD                __end_of_Hardware_Init 068D  
                     __pcstackCOMMON 0070                         __pidataBANK0 0637  
                       __pidataBANK1 06CC                           __pbssBANK0 0020  
                         __pmaintext 068D                              PWM@Dbit 0071  
                            _CCP3CON 0313                         ?_Check_Input 0070  
                            _CCP3SEL 08EE                              _T2CKPS0 00E0  
                            _T2CKPS1 00E1                              _OSCTUNE 0098  
                            __ptext1 0753                              __ptext2 0647  
                            __ptext3 064E                              __ptext4 070C  
                            _tx_Data 0020                              clrloop0 063C  
               end_of_initialization 07FD                              init_ram 0641  
                            initloop 0642                            _PORTAbits 000C  
                          _PORTBbits 000D                            _PORTCbits 000E  
                start_initialization 07DD                          __end_of_PWM 07DD  
       ?_wait_for_pwm_cycle_complete 0070                          __pdataBANK0 0038  
                        __pdataBANK1 00A0                            ___latbits 0002  
      ??_wait_for_pwm_cycle_complete 0070                             PWM@F2774 002B  
                           PWM@i_197 0079                            clear_ram0 063B  
                      _Hardware_Init 064E                       ?_Hardware_Init 0070  
                      ??_Check_Input 0070                      ??_Hardware_Init 0070  
                __end_of_Check_Input 0753  
